<?xml version="1.0" encoding="UTF-8"?>
<!-- Generated by org.testng.reporters.JUnitReportReporter -->
<testsuite hostname="VILAS-PATIL" failures="0" tests="1" name="qa.com.testLayer.LoginTest" time="40.208" errors="0" timestamp="2022-10-29T19:03:54 IST" skipped="0">
  <testcase classname="qa.com.testLayer.LoginTest" name="logintest" time="40.208"/>
  <system-out/>
</testsuite> <!-- qa.com.testLayer.LoginTest -->
